
*** Running vivado
    with args -log zynq_mpsoc_wrapper.vdi -applog -m64 -product Vivado -messageDb vivado.pb -mode batch -source zynq_mpsoc_wrapper.tcl -notrace



****** Vivado v2023.2 (64-bit)
  **** SW Build 4029153 on Fri Oct 13 20:14:34 MDT 2023
  **** IP Build 4028589 on Sat Oct 14 00:45:43 MDT 2023
  **** SharedData Build 4025554 on Tue Oct 10 17:18:54 MDT 2023
    ** Copyright 1986-2022 Xilinx, Inc. All Rights Reserved.
    ** Copyright 2022-2023 Advanced Micro Devices, Inc. All Rights Reserved.

source zynq_mpsoc_wrapper.tcl -notrace
create_project: Time (s): cpu = 00:00:05 ; elapsed = 00:00:05 . Memory (MB): peak = 519.699 ; gain = 181.500
INFO: [IP_Flow 19-234] Refreshing IP repositories
INFO: [IP_Flow 19-1704] No user IP repositories specified
INFO: [IP_Flow 19-2313] Loaded Vivado IP repository 'E:/Xilinx/Vivado/2023.2/data/ip'.
Command: link_design -top zynq_mpsoc_wrapper -part xczu1cg-sbva484-1-e
Design is defaulting to srcset: sources_1
Design is defaulting to constrset: constrs_1
INFO: [Device 21-403] Loading part xczu1cg-sbva484-1-e
INFO: [Project 1-454] Reading design checkpoint 'e:/x/shef/shef_stage1_handoff_proof/shef_stage1_handoff_proof.gen/sources_1/bd/zynq_mpsoc/ip/zynq_mpsoc_zynq_ultra_ps_e_0_0/zynq_mpsoc_zynq_ultra_ps_e_0_0.dcp' for cell 'zynq_mpsoc_i/zynq_ultra_ps_e_0'
Netlist sorting complete. Time (s): cpu = 00:00:00 ; elapsed = 00:00:00.035 . Memory (MB): peak = 1082.992 ; gain = 0.000
INFO: [Project 1-479] Netlist was created with Vivado 2023.2
INFO: [Project 1-570] Preparing netlist for logic optimization
Parsing XDC File [e:/x/shef/shef_stage1_handoff_proof/shef_stage1_handoff_proof.gen/sources_1/bd/zynq_mpsoc/ip/zynq_mpsoc_zynq_ultra_ps_e_0_0/zynq_mpsoc_zynq_ultra_ps_e_0_0.xdc] for cell 'zynq_mpsoc_i/zynq_ultra_ps_e_0/inst'
Finished Parsing XDC File [e:/x/shef/shef_stage1_handoff_proof/shef_stage1_handoff_proof.gen/sources_1/bd/zynq_mpsoc/ip/zynq_mpsoc_zynq_ultra_ps_e_0_0/zynq_mpsoc_zynq_ultra_ps_e_0_0.xdc] for cell 'zynq_mpsoc_i/zynq_ultra_ps_e_0/inst'
INFO: [Opt 31-138] Pushed 0 inverter(s) to 0 load pin(s).
Netlist sorting complete. Time (s): cpu = 00:00:00 ; elapsed = 00:00:00 . Memory (MB): peak = 1187.289 ; gain = 0.000
INFO: [Project 1-111] Unisim Transformation Summary:
No Unisim elements were transformed.

The system cannot find the path specified.
9 Infos, 0 Warnings, 0 Critical Warnings and 0 Errors encountered.
link_design completed successfully
link_design: Time (s): cpu = 00:00:06 ; elapsed = 00:00:10 . Memory (MB): peak = 1187.289 ; gain = 604.363
Command: opt_design
Attempting to get a license for feature 'Implementation' and/or device 'xczu1cg'
INFO: [Common 17-349] Got license for feature 'Implementation' and/or device 'xczu1cg'
Running DRC as a precondition to command opt_design

Starting DRC Task
INFO: [DRC 23-27] Running DRC with 2 threads
INFO: [Project 1-461] DRC finished with 0 Errors
INFO: [Project 1-462] Please refer to the DRC report (report_drc) for more information.

Time (s): cpu = 00:00:02 ; elapsed = 00:00:01 . Memory (MB): peak = 1219.492 ; gain = 32.203

Starting Cache Timing Information Task
INFO: [Timing 38-35] Done setting XDC timing constraints.
Ending Cache Timing Information Task | Checksum: 020ca6c0

Time (s): cpu = 00:00:02 ; elapsed = 00:00:02 . Memory (MB): peak = 1392.117 ; gain = 172.625

Starting Logic Optimization Task

Phase 1 Initialization

Phase 1.1 Core Generation And Design Setup
Phase 1.1 Core Generation And Design Setup | Checksum: 020ca6c0

Time (s): cpu = 00:00:00 ; elapsed = 00:00:00.051 . Memory (MB): peak = 1756.844 ; gain = 0.000

Phase 1.2 Setup Constraints And Sort Netlist
Phase 1.2 Setup Constraints And Sort Netlist | Checksum: 020ca6c0

Time (s): cpu = 00:00:00 ; elapsed = 00:00:00.052 . Memory (MB): peak = 1756.844 ; gain = 0.000
Phase 1 Initialization | Checksum: 020ca6c0

Time (s): cpu = 00:00:00 ; elapsed = 00:00:00.052 . Memory (MB): peak = 1756.844 ; gain = 0.000

Phase 2 Timer Update And Timing Data Collection

Phase 2.1 Timer Update
Phase 2.1 Timer Update | Checksum: 020ca6c0

Time (s): cpu = 00:00:00 ; elapsed = 00:00:00.078 . Memory (MB): peak = 1756.844 ; gain = 0.000

Phase 2.2 Timing Data Collection
Phase 2.2 Timing Data Collection | Checksum: 020ca6c0

Time (s): cpu = 00:00:00 ; elapsed = 00:00:00.094 . Memory (MB): peak = 1756.844 ; gain = 0.000
Phase 2 Timer Update And Timing Data Collection | Checksum: 020ca6c0

Time (s): cpu = 00:00:00 ; elapsed = 00:00:00.094 . Memory (MB): peak = 1756.844 ; gain = 0.000

Phase 3 Retarget
INFO: [Opt 31-138] Pushed 0 inverter(s) to 0 load pin(s).
INFO: [Opt 31-49] Retargeted 0 cell(s).
Phase 3 Retarget | Checksum: ecd8f1a2

Time (s): cpu = 00:00:00 ; elapsed = 00:00:00.176 . Memory (MB): peak = 1756.844 ; gain = 0.000
Retarget | Checksum: ecd8f1a2
INFO: [Opt 31-389] Phase Retarget created 0 cells and removed 264 cells

Phase 4 Constant propagation
INFO: [Opt 31-138] Pushed 0 inverter(s) to 0 load pin(s).
Phase 4 Constant propagation | Checksum: ecd8f1a2

Time (s): cpu = 00:00:00 ; elapsed = 00:00:00.177 . Memory (MB): peak = 1756.844 ; gain = 0.000
Constant propagation | Checksum: ecd8f1a2
INFO: [Opt 31-389] Phase Constant propagation created 0 cells and removed 0 cells

Phase 5 Sweep
Phase 5 Sweep | Checksum: 61f2c886

Time (s): cpu = 00:00:00 ; elapsed = 00:00:00.258 . Memory (MB): peak = 1756.844 ; gain = 0.000
Sweep | Checksum: 61f2c886
INFO: [Opt 31-389] Phase Sweep created 0 cells and removed 0 cells
INFO: [Opt 31-1021] In phase Sweep, 1 netlist objects are constrained preventing optimization. Please run opt_design with -debug_log to get more detail. 

Phase 6 BUFG optimization
INFO: [Opt 31-1077] Phase BUFG optimization inserted 0 global clock buffer(s) for CLOCK_LOW_FANOUT.
Phase 6 BUFG optimization | Checksum: 61f2c886

Time (s): cpu = 00:00:00 ; elapsed = 00:00:00.293 . Memory (MB): peak = 1756.844 ; gain = 0.000
BUFG optimization | Checksum: 61f2c886
INFO: [Opt 31-662] Phase BUFG optimization created 0 cells of which 0 are BUFGs and removed 0 cells.

Phase 7 Shift Register Optimization
INFO: [Opt 31-1064] SRL Remap converted 0 SRLs to 0 registers and converted 0 registers of register chains to 0 SRLs
Phase 7 Shift Register Optimization | Checksum: 61f2c886

Time (s): cpu = 00:00:00 ; elapsed = 00:00:00.294 . Memory (MB): peak = 1756.844 ; gain = 0.000
Shift Register Optimization | Checksum: 61f2c886
INFO: [Opt 31-389] Phase Shift Register Optimization created 0 cells and removed 0 cells

Phase 8 Post Processing Netlist
Phase 8 Post Processing Netlist | Checksum: 61f2c886

Time (s): cpu = 00:00:00 ; elapsed = 00:00:00.295 . Memory (MB): peak = 1756.844 ; gain = 0.000
Post Processing Netlist | Checksum: 61f2c886
INFO: [Opt 31-389] Phase Post Processing Netlist created 0 cells and removed 0 cells

Phase 9 Finalization

Phase 9.1 Finalizing Design Cores and Updating Shapes
Phase 9.1 Finalizing Design Cores and Updating Shapes | Checksum: fb655d92

Time (s): cpu = 00:00:00 ; elapsed = 00:00:00.301 . Memory (MB): peak = 1756.844 ; gain = 0.000

Phase 9.2 Verifying Netlist Connectivity

Starting Connectivity Check Task

Time (s): cpu = 00:00:00 ; elapsed = 00:00:00.001 . Memory (MB): peak = 1756.844 ; gain = 0.000
Phase 9.2 Verifying Netlist Connectivity | Checksum: fb655d92

Time (s): cpu = 00:00:00 ; elapsed = 00:00:00.302 . Memory (MB): peak = 1756.844 ; gain = 0.000
Phase 9 Finalization | Checksum: fb655d92

Time (s): cpu = 00:00:00 ; elapsed = 00:00:00.302 . Memory (MB): peak = 1756.844 ; gain = 0.000
Opt_design Change Summary
=========================


-------------------------------------------------------------------------------------------------------------------------
|  Phase                        |  #Cells created  |  #Cells Removed  |  #Constrained objects preventing optimizations  |
-------------------------------------------------------------------------------------------------------------------------
|  Retarget                     |               0  |             264  |                                              0  |
|  Constant propagation         |               0  |               0  |                                              0  |
|  Sweep                        |               0  |               0  |                                              1  |
|  BUFG optimization            |               0  |               0  |                                              0  |
|  Shift Register Optimization  |               0  |               0  |                                              0  |
|  Post Processing Netlist      |               0  |               0  |                                              0  |
-------------------------------------------------------------------------------------------------------------------------


Ending Logic Optimization Task | Checksum: fb655d92

Time (s): cpu = 00:00:00 ; elapsed = 00:00:00.303 . Memory (MB): peak = 1756.844 ; gain = 0.000
INFO: [Constraints 18-11670] Building netlist checker database with flags, 0x8
Done building netlist checker database: Time (s): cpu = 00:00:00 ; elapsed = 00:00:00 . Memory (MB): peak = 1756.844 ; gain = 0.000

Starting Power Optimization Task
INFO: [Pwropt 34-132] Skipping clock gating for clocks with a period < 2.00 ns.
Ending Power Optimization Task | Checksum: fb655d92

Time (s): cpu = 00:00:00 ; elapsed = 00:00:00.073 . Memory (MB): peak = 1756.844 ; gain = 0.000

Starting Final Cleanup Task
Ending Final Cleanup Task | Checksum: fb655d92

Time (s): cpu = 00:00:00 ; elapsed = 00:00:00 . Memory (MB): peak = 1756.844 ; gain = 0.000

Starting Netlist Obfuscation Task
Netlist sorting complete. Time (s): cpu = 00:00:00 ; elapsed = 00:00:00 . Memory (MB): peak = 1756.844 ; gain = 0.000
Ending Netlist Obfuscation Task | Checksum: fb655d92

Time (s): cpu = 00:00:00 ; elapsed = 00:00:00 . Memory (MB): peak = 1756.844 ; gain = 0.000
INFO: [Common 17-83] Releasing license: Implementation
29 Infos, 0 Warnings, 0 Critical Warnings and 0 Errors encountered.
opt_design completed successfully
opt_design: Time (s): cpu = 00:00:06 ; elapsed = 00:00:06 . Memory (MB): peak = 1756.844 ; gain = 569.555
INFO: [runtcl-4] Executing : report_drc -file zynq_mpsoc_wrapper_drc_opted.rpt -pb zynq_mpsoc_wrapper_drc_opted.pb -rpx zynq_mpsoc_wrapper_drc_opted.rpx
Command: report_drc -file zynq_mpsoc_wrapper_drc_opted.rpt -pb zynq_mpsoc_wrapper_drc_opted.pb -rpx zynq_mpsoc_wrapper_drc_opted.rpx
INFO: [IP_Flow 19-1839] IP Catalog is up to date.
INFO: [DRC 23-27] Running DRC with 2 threads
INFO: [Vivado_Tcl 2-168] The results of DRC are in file E:/x/shef/shef_stage1_handoff_proof/shef_stage1_handoff_proof.runs/impl_1/zynq_mpsoc_wrapper_drc_opted.rpt.
report_drc completed successfully
INFO: [Timing 38-480] Writing timing data to binary archive.
INFO: [Common 17-1381] The checkpoint 'E:/x/shef/shef_stage1_handoff_proof/shef_stage1_handoff_proof.runs/impl_1/zynq_mpsoc_wrapper_opt.dcp' has been generated.
Command: place_design
Attempting to get a license for feature 'Implementation' and/or device 'xczu1cg'
INFO: [Common 17-349] Got license for feature 'Implementation' and/or device 'xczu1cg'
INFO: [Common 17-83] Releasing license: Implementation
INFO: [DRC 23-27] Running DRC with 2 threads
INFO: [Vivado_Tcl 4-198] DRC finished with 0 Errors
INFO: [Vivado_Tcl 4-199] Please refer to the DRC report (report_drc) for more information.
Running DRC as a precondition to command place_design
INFO: [DRC 23-27] Running DRC with 2 threads
INFO: [Vivado_Tcl 4-198] DRC finished with 0 Errors
INFO: [Vivado_Tcl 4-199] Please refer to the DRC report (report_drc) for more information.
INFO: [Place 30-611] Multithreading enabled for place_design using a maximum of 2 CPUs

Starting Placer Task

Phase 1 Placer Initialization

Phase 1.1 Placer Initialization Netlist Sorting
Netlist sorting complete. Time (s): cpu = 00:00:00 ; elapsed = 00:00:00 . Memory (MB): peak = 1802.793 ; gain = 0.000
Phase 1.1 Placer Initialization Netlist Sorting | Checksum: 00000000

Time (s): cpu = 00:00:00 ; elapsed = 00:00:00.044 . Memory (MB): peak = 1802.793 ; gain = 0.000
Netlist sorting complete. Time (s): cpu = 00:00:00 ; elapsed = 00:00:00 . Memory (MB): peak = 1802.793 ; gain = 0.000

Phase 1.2 IO Placement/ Clock Placement/ Build Placer Device
INFO: [Timing 38-35] Done setting XDC timing constraints.
Phase 1.2 IO Placement/ Clock Placement/ Build Placer Device | Checksum: 64e05e2f

Time (s): cpu = 00:00:13 ; elapsed = 00:00:14 . Memory (MB): peak = 2644.922 ; gain = 842.129

Phase 1.3 Build Placer Netlist Model
WARNING: [Place 30-2953] Timing driven mode will be turned off because no critical terminals were found.
Phase 1.3 Build Placer Netlist Model | Checksum: 130159d23

Time (s): cpu = 00:00:13 ; elapsed = 00:00:15 . Memory (MB): peak = 2644.922 ; gain = 842.129

Phase 1.4 Constrain Clocks/Macros
Phase 1.4 Constrain Clocks/Macros | Checksum: 130159d23

Time (s): cpu = 00:00:13 ; elapsed = 00:00:15 . Memory (MB): peak = 2644.922 ; gain = 842.129
Phase 1 Placer Initialization | Checksum: 130159d23

Time (s): cpu = 00:00:13 ; elapsed = 00:00:15 . Memory (MB): peak = 2644.922 ; gain = 842.129
INFO: [Place 30-3162] Check ILP status : ILP-based clock placer completed successfully.
Netlist sorting complete. Time (s): cpu = 00:00:00 ; elapsed = 00:00:00 . Memory (MB): peak = 2644.922 ; gain = 0.000

Phase 2 Final Placement Cleanup
Netlist sorting complete. Time (s): cpu = 00:00:00 ; elapsed = 00:00:00 . Memory (MB): peak = 2644.922 ; gain = 0.000

Time (s): cpu = 00:00:13 ; elapsed = 00:00:16 . Memory (MB): peak = 2644.922 ; gain = 842.129
INFO: [Place 30-281] No place-able instance is found; design doesn't contain any instance or all instances are placed
Ending Placer Task | Checksum: b6263a88

Time (s): cpu = 00:00:13 ; elapsed = 00:00:16 . Memory (MB): peak = 2644.922 ; gain = 842.129
47 Infos, 1 Warnings, 0 Critical Warnings and 0 Errors encountered.
place_design completed successfully
place_design: Time (s): cpu = 00:00:14 ; elapsed = 00:00:16 . Memory (MB): peak = 2644.922 ; gain = 869.047
INFO: [runtcl-4] Executing : report_io -file zynq_mpsoc_wrapper_io_placed.rpt
report_io: Time (s): cpu = 00:00:01 ; elapsed = 00:00:00.053 . Memory (MB): peak = 2644.922 ; gain = 0.000
INFO: [runtcl-4] Executing : report_utilization -file zynq_mpsoc_wrapper_utilization_placed.rpt -pb zynq_mpsoc_wrapper_utilization_placed.pb
INFO: [runtcl-4] Executing : report_control_sets -verbose -file zynq_mpsoc_wrapper_control_sets_placed.rpt
report_control_sets: Time (s): cpu = 00:00:00 ; elapsed = 00:00:00.001 . Memory (MB): peak = 2644.922 ; gain = 0.000
INFO: [Timing 38-480] Writing timing data to binary archive.
Wrote PlaceDB: Time (s): cpu = 00:00:00 ; elapsed = 00:00:00.022 . Memory (MB): peak = 2644.922 ; gain = 0.000
Wrote PulsedLatchDB: Time (s): cpu = 00:00:00 ; elapsed = 00:00:00 . Memory (MB): peak = 2644.922 ; gain = 0.000
Writing XDEF routing.
Writing XDEF routing logical nets.
Writing XDEF routing special nets.
Wrote RouteStorage: Time (s): cpu = 00:00:00 ; elapsed = 00:00:00.014 . Memory (MB): peak = 2644.922 ; gain = 0.000
Wrote Netlist Cache: Time (s): cpu = 00:00:00 ; elapsed = 00:00:00 . Memory (MB): peak = 2644.922 ; gain = 0.000
Wrote Device Cache: Time (s): cpu = 00:00:00 ; elapsed = 00:00:00.011 . Memory (MB): peak = 2644.922 ; gain = 0.000
Write Physdb Complete: Time (s): cpu = 00:00:00 ; elapsed = 00:00:00.073 . Memory (MB): peak = 2644.922 ; gain = 0.000
INFO: [Common 17-1381] The checkpoint 'E:/x/shef/shef_stage1_handoff_proof/shef_stage1_handoff_proof.runs/impl_1/zynq_mpsoc_wrapper_placed.dcp' has been generated.
Command: phys_opt_design
Attempting to get a license for feature 'Implementation' and/or device 'xczu1cg'
INFO: [Common 17-349] Got license for feature 'Implementation' and/or device 'xczu1cg'

Starting Initial Update Timing Task
INFO: [Timing 38-35] Done setting XDC timing constraints.

Time (s): cpu = 00:00:00 ; elapsed = 00:00:00.077 . Memory (MB): peak = 2644.922 ; gain = 0.000
INFO: [Vivado_Tcl 4-383] Design worst setup slack (WNS) is greater than or equal to 0.000 ns. Skipping all physical synthesis optimizations.
INFO: [Vivado_Tcl 4-232] No setup violation found. The netlist was not modified.
INFO: [Common 17-83] Releasing license: Implementation
57 Infos, 1 Warnings, 0 Critical Warnings and 0 Errors encountered.
phys_opt_design completed successfully
INFO: [Timing 38-480] Writing timing data to binary archive.
Wrote PlaceDB: Time (s): cpu = 00:00:00 ; elapsed = 00:00:00.025 . Memory (MB): peak = 2644.922 ; gain = 0.000
Wrote PulsedLatchDB: Time (s): cpu = 00:00:00 ; elapsed = 00:00:00 . Memory (MB): peak = 2644.922 ; gain = 0.000
Writing XDEF routing.
Writing XDEF routing logical nets.
Writing XDEF routing special nets.
Wrote RouteStorage: Time (s): cpu = 00:00:00 ; elapsed = 00:00:00.017 . Memory (MB): peak = 2644.922 ; gain = 0.000
Wrote Netlist Cache: Time (s): cpu = 00:00:00 ; elapsed = 00:00:00 . Memory (MB): peak = 2644.922 ; gain = 0.000
Wrote Device Cache: Time (s): cpu = 00:00:00 ; elapsed = 00:00:00.011 . Memory (MB): peak = 2644.922 ; gain = 0.000
Write Physdb Complete: Time (s): cpu = 00:00:00 ; elapsed = 00:00:00.059 . Memory (MB): peak = 2644.922 ; gain = 0.000
INFO: [Common 17-1381] The checkpoint 'E:/x/shef/shef_stage1_handoff_proof/shef_stage1_handoff_proof.runs/impl_1/zynq_mpsoc_wrapper_physopt.dcp' has been generated.
Command: route_design
Attempting to get a license for feature 'Implementation' and/or device 'xczu1cg'
INFO: [Common 17-349] Got license for feature 'Implementation' and/or device 'xczu1cg'
Running DRC as a precondition to command route_design
INFO: [DRC 23-27] Running DRC with 2 threads
INFO: [Vivado_Tcl 4-198] DRC finished with 0 Errors
INFO: [Vivado_Tcl 4-199] Please refer to the DRC report (report_drc) for more information.


Starting Routing Task
INFO: [Route 35-254] Multithreading enabled for route_design using a maximum of 8 CPUs

Phase 1 Build RT Design
Checksum: PlaceDB: 64e05e2f ConstDB: 0 ShapeSum: 0 RouteDB: 5145dc59
Nodegraph reading from file.  Time (s): cpu = 00:00:00 ; elapsed = 00:00:00.363 . Memory (MB): peak = 2644.922 ; gain = 0.000
Post Restoration Checksum: NetGraph: 6e955139 | NumContArr: 897f7ab | Constraints: 5c50e321 | Timing: c2a8fa9d
Phase 1 Build RT Design | Checksum: 1962726a2

Time (s): cpu = 00:00:01 ; elapsed = 00:00:02 . Memory (MB): peak = 2644.922 ; gain = 0.000

Phase 2 Router Initialization

Phase 2.1 Fix Topology Constraints
Phase 2.1 Fix Topology Constraints | Checksum: 1962726a2

Time (s): cpu = 00:00:01 ; elapsed = 00:00:02 . Memory (MB): peak = 2644.922 ; gain = 0.000

Phase 2.2 Pre Route Cleanup
Phase 2.2 Pre Route Cleanup | Checksum: 1962726a2

Time (s): cpu = 00:00:01 ; elapsed = 00:00:02 . Memory (MB): peak = 2644.922 ; gain = 0.000

Phase 2.3 Global Clock Net Routing
 Number of Nodes with overlaps = 0
Phase 2.3 Global Clock Net Routing | Checksum: 1bbaa9cdf

Time (s): cpu = 00:00:01 ; elapsed = 00:00:02 . Memory (MB): peak = 2644.922 ; gain = 0.000

Phase 2.4 Update Timing
Phase 2.4 Update Timing | Checksum: 196c4efda

Time (s): cpu = 00:00:01 ; elapsed = 00:00:02 . Memory (MB): peak = 2644.922 ; gain = 0.000

Router Utilization Summary
  Global Vertical Routing Utilization    = 0 %
  Global Horizontal Routing Utilization  = 0 %
  Routable Net Status*
  *Does not include unroutable nets such as driverless and loadless.
  Run report_route_status for detailed report.
  Number of Failed Nets               = 2
    (Failed Nets is the sum of unrouted and partially routed nets)
  Number of Unrouted Nets             = 2
  Number of Partially Routed Nets     = 0
  Number of Node Overlaps             = 0

Phase 2 Router Initialization | Checksum: 196c4efda

Time (s): cpu = 00:00:01 ; elapsed = 00:00:02 . Memory (MB): peak = 2644.922 ; gain = 0.000

Phase 3 Initial Routing

Phase 3.1 Global Routing
Phase 3.1 Global Routing | Checksum: 196c4efda

Time (s): cpu = 00:00:01 ; elapsed = 00:00:02 . Memory (MB): peak = 2644.922 ; gain = 0.000

Phase 3.2 Initial Net Routing
Phase 3.2 Initial Net Routing | Checksum: 2ca5e574e

Time (s): cpu = 00:00:02 ; elapsed = 00:00:03 . Memory (MB): peak = 2644.922 ; gain = 0.000
Phase 3 Initial Routing | Checksum: 2ca5e574e

Time (s): cpu = 00:00:02 ; elapsed = 00:00:03 . Memory (MB): peak = 2644.922 ; gain = 0.000

Phase 4 Rip-up And Reroute

Phase 4.1 Global Iteration 0
Phase 4.1 Global Iteration 0 | Checksum: 2ca5e574e

Time (s): cpu = 00:00:02 ; elapsed = 00:00:03 . Memory (MB): peak = 2644.922 ; gain = 0.000

Phase 4.2 Additional Iteration for Hold
Phase 4.2 Additional Iteration for Hold | Checksum: 2ca5e574e

Time (s): cpu = 00:00:02 ; elapsed = 00:00:03 . Memory (MB): peak = 2644.922 ; gain = 0.000
Phase 4 Rip-up And Reroute | Checksum: 2ca5e574e

Time (s): cpu = 00:00:02 ; elapsed = 00:00:03 . Memory (MB): peak = 2644.922 ; gain = 0.000

Phase 5 Delay and Skew Optimization

Phase 5.1 Delay CleanUp
Phase 5.1 Delay CleanUp | Checksum: 2ca5e574e

Time (s): cpu = 00:00:02 ; elapsed = 00:00:03 . Memory (MB): peak = 2644.922 ; gain = 0.000

Phase 5.2 Clock Skew Optimization
Phase 5.2 Clock Skew Optimization | Checksum: 2ca5e574e

Time (s): cpu = 00:00:02 ; elapsed = 00:00:03 . Memory (MB): peak = 2644.922 ; gain = 0.000
Phase 5 Delay and Skew Optimization | Checksum: 2ca5e574e

Time (s): cpu = 00:00:02 ; elapsed = 00:00:03 . Memory (MB): peak = 2644.922 ; gain = 0.000

Phase 6 Post Hold Fix

Phase 6.1 Hold Fix Iter

Phase 6.1.1 Update Timing
Phase 6.1.1 Update Timing | Checksum: 2ca5e574e

Time (s): cpu = 00:00:02 ; elapsed = 00:00:03 . Memory (MB): peak = 2644.922 ; gain = 0.000
Phase 6.1 Hold Fix Iter | Checksum: 2ca5e574e

Time (s): cpu = 00:00:02 ; elapsed = 00:00:03 . Memory (MB): peak = 2644.922 ; gain = 0.000
Phase 6 Post Hold Fix | Checksum: 2ca5e574e

Time (s): cpu = 00:00:02 ; elapsed = 00:00:03 . Memory (MB): peak = 2644.922 ; gain = 0.000

Phase 7 Route finalize

Router Utilization Summary
  Global Vertical Routing Utilization    = 0.00488013 %
  Global Horizontal Routing Utilization  = 0 %
  Routable Net Status*
  *Does not include unroutable nets such as driverless and loadless.
  Run report_route_status for detailed report.
  Number of Failed Nets               = 0
    (Failed Nets is the sum of unrouted and partially routed nets)
  Number of Unrouted Nets             = 0
  Number of Partially Routed Nets     = 0
  Number of Node Overlaps             = 0

Phase 7 Route finalize | Checksum: 2ca5e574e

Time (s): cpu = 00:00:02 ; elapsed = 00:00:03 . Memory (MB): peak = 2644.922 ; gain = 0.000

Phase 8 Verifying routed nets

 Verification completed successfully
Phase 8 Verifying routed nets | Checksum: 2ca5e574e

Time (s): cpu = 00:00:02 ; elapsed = 00:00:03 . Memory (MB): peak = 2644.922 ; gain = 0.000

Phase 9 Depositing Routes
Phase 9 Depositing Routes | Checksum: 2ca5e574e

Time (s): cpu = 00:00:02 ; elapsed = 00:00:03 . Memory (MB): peak = 2644.922 ; gain = 0.000

Phase 10 Resolve XTalk
Phase 10 Resolve XTalk | Checksum: 2ca5e574e

Time (s): cpu = 00:00:02 ; elapsed = 00:00:03 . Memory (MB): peak = 2644.922 ; gain = 0.000

Phase 11 Post Router Timing
Phase 11 Post Router Timing | Checksum: 2ca5e574e

Time (s): cpu = 00:00:02 ; elapsed = 00:00:03 . Memory (MB): peak = 2644.922 ; gain = 0.000
INFO: [Route 35-16] Router Completed Successfully

Phase 12 Post-Route Event Processing
Phase 12 Post-Route Event Processing | Checksum: 93016ce9

Time (s): cpu = 00:00:02 ; elapsed = 00:00:03 . Memory (MB): peak = 2644.922 ; gain = 0.000
Ending Routing Task | Checksum: 93016ce9

Time (s): cpu = 00:00:02 ; elapsed = 00:00:03 . Memory (MB): peak = 2644.922 ; gain = 0.000

Routing Is Done.
INFO: [Common 17-83] Releasing license: Implementation
66 Infos, 1 Warnings, 0 Critical Warnings and 0 Errors encountered.
route_design completed successfully
INFO: [runtcl-4] Executing : report_drc -file zynq_mpsoc_wrapper_drc_routed.rpt -pb zynq_mpsoc_wrapper_drc_routed.pb -rpx zynq_mpsoc_wrapper_drc_routed.rpx
Command: report_drc -file zynq_mpsoc_wrapper_drc_routed.rpt -pb zynq_mpsoc_wrapper_drc_routed.pb -rpx zynq_mpsoc_wrapper_drc_routed.rpx
INFO: [IP_Flow 19-1839] IP Catalog is up to date.
INFO: [DRC 23-27] Running DRC with 2 threads
INFO: [Vivado_Tcl 2-168] The results of DRC are in file E:/x/shef/shef_stage1_handoff_proof/shef_stage1_handoff_proof.runs/impl_1/zynq_mpsoc_wrapper_drc_routed.rpt.
report_drc completed successfully
INFO: [runtcl-4] Executing : report_methodology -file zynq_mpsoc_wrapper_methodology_drc_routed.rpt -pb zynq_mpsoc_wrapper_methodology_drc_routed.pb -rpx zynq_mpsoc_wrapper_methodology_drc_routed.rpx
Command: report_methodology -file zynq_mpsoc_wrapper_methodology_drc_routed.rpt -pb zynq_mpsoc_wrapper_methodology_drc_routed.pb -rpx zynq_mpsoc_wrapper_methodology_drc_routed.rpx
INFO: [Timing 38-35] Done setting XDC timing constraints.
INFO: [DRC 23-133] Running Methodology with 2 threads
INFO: [Vivado_Tcl 2-1520] The results of Report Methodology are in file E:/x/shef/shef_stage1_handoff_proof/shef_stage1_handoff_proof.runs/impl_1/zynq_mpsoc_wrapper_methodology_drc_routed.rpt.
report_methodology completed successfully
INFO: [runtcl-4] Executing : report_power -file zynq_mpsoc_wrapper_power_routed.rpt -pb zynq_mpsoc_wrapper_power_summary_routed.pb -rpx zynq_mpsoc_wrapper_power_routed.rpx
Command: report_power -file zynq_mpsoc_wrapper_power_routed.rpt -pb zynq_mpsoc_wrapper_power_summary_routed.pb -rpx zynq_mpsoc_wrapper_power_routed.rpx
INFO: [Timing 38-35] Done setting XDC timing constraints.
Running Vector-less Activity Propagation...

Finished Running Vector-less Activity Propagation
76 Infos, 1 Warnings, 0 Critical Warnings and 0 Errors encountered.
report_power completed successfully
INFO: [runtcl-4] Executing : report_route_status -file zynq_mpsoc_wrapper_route_status.rpt -pb zynq_mpsoc_wrapper_route_status.pb
INFO: [runtcl-4] Executing : report_timing_summary -max_paths 10 -report_unconstrained -file zynq_mpsoc_wrapper_timing_summary_routed.rpt -pb zynq_mpsoc_wrapper_timing_summary_routed.pb -rpx zynq_mpsoc_wrapper_timing_summary_routed.rpx -warn_on_violation 
INFO: [Timing 38-91] UpdateTimingParams: Speed grade: -1, Temperature grade: E, Delay Type: min_max.
INFO: [Timing 38-191] Multithreading enabled for timing update using a maximum of 2 CPUs
INFO: [runtcl-4] Executing : report_incremental_reuse -file zynq_mpsoc_wrapper_incremental_reuse_routed.rpt
INFO: [Vivado_Tcl 4-1062] Incremental flow is disabled. No incremental reuse Info to report.
INFO: [runtcl-4] Executing : report_clock_utilization -file zynq_mpsoc_wrapper_clock_utilization_routed.rpt
INFO: [runtcl-4] Executing : report_bus_skew -warn_on_violation -file zynq_mpsoc_wrapper_bus_skew_routed.rpt -pb zynq_mpsoc_wrapper_bus_skew_routed.pb -rpx zynq_mpsoc_wrapper_bus_skew_routed.rpx
INFO: [Timing 38-91] UpdateTimingParams: Speed grade: -1, Temperature grade: E, Delay Type: min_max.
INFO: [Timing 38-191] Multithreading enabled for timing update using a maximum of 2 CPUs
INFO: [Timing 38-480] Writing timing data to binary archive.
Wrote PlaceDB: Time (s): cpu = 00:00:00 ; elapsed = 00:00:00.026 . Memory (MB): peak = 2644.922 ; gain = 0.000
Wrote PulsedLatchDB: Time (s): cpu = 00:00:00 ; elapsed = 00:00:00 . Memory (MB): peak = 2644.922 ; gain = 0.000
Writing XDEF routing.
Writing XDEF routing logical nets.
Writing XDEF routing special nets.
Wrote RouteStorage: Time (s): cpu = 00:00:00 ; elapsed = 00:00:00.020 . Memory (MB): peak = 2644.922 ; gain = 0.000
Wrote Netlist Cache: Time (s): cpu = 00:00:00 ; elapsed = 00:00:00 . Memory (MB): peak = 2644.922 ; gain = 0.000
Wrote Device Cache: Time (s): cpu = 00:00:00 ; elapsed = 00:00:00.011 . Memory (MB): peak = 2644.922 ; gain = 0.000
Write Physdb Complete: Time (s): cpu = 00:00:00 ; elapsed = 00:00:00.064 . Memory (MB): peak = 2644.922 ; gain = 0.000
INFO: [Common 17-1381] The checkpoint 'E:/x/shef/shef_stage1_handoff_proof/shef_stage1_handoff_proof.runs/impl_1/zynq_mpsoc_wrapper_routed.dcp' has been generated.
Command: write_bitstream -force zynq_mpsoc_wrapper.bit
Attempting to get a license for feature 'Implementation' and/or device 'xczu1cg'
INFO: [Common 17-349] Got license for feature 'Implementation' and/or device 'xczu1cg'
Running DRC as a precondition to command write_bitstream
INFO: [IP_Flow 19-1839] IP Catalog is up to date.
INFO: [DRC 23-27] Running DRC with 2 threads
INFO: [Vivado 12-3199] DRC finished with 0 Errors
INFO: [Vivado 12-3200] Please refer to the DRC report (report_drc) for more information.
INFO: [Designutils 20-2272] Running write_bitstream with 2 threads.
Loading data files...
Loading site data...
Loading route data...
Processing options...
Creating bitmap...
Creating bitstream...
Writing bitstream ./zynq_mpsoc_wrapper.bit...
INFO: [Vivado 12-1842] Bitgen Completed Successfully.
INFO: [Project 1-1876] WebTalk data collection is mandatory when using a ULT device. To see the specific WebTalk data collected for your design, open the usage_statistics_webtalk.html or usage_statistics_webtalk.xml file in the implementation directory.
INFO: [Common 17-83] Releasing license: Implementation
14 Infos, 0 Warnings, 0 Critical Warnings and 0 Errors encountered.
write_bitstream completed successfully
write_bitstream: Time (s): cpu = 00:00:08 ; elapsed = 00:00:07 . Memory (MB): peak = 2644.922 ; gain = 0.000
INFO: [Common 17-206] Exiting Vivado at Sat Dec 20 14:01:05 2025...
